make --dry-run --keep-going --print-directory
make: Entering directory `/Users/mmoumni/Desktop/42_Cube3d'
cc -Wall -Wextra -Werror  -c src/mini_map/parse_minimap.c -o src/mini_map/parse_minimap.o
 
cc -Wall -Wextra -Werror  -c src/mini_map/print_map.c -o src/mini_map/print_map.o
cc -Wall -Wextra -Werror  -c src/parsing_map/parcing_utiles.c -o src/parsing_map/parcing_utiles.o
cc -Wall -Wextra -Werror  -c src/parsing_map/parcing_utiles1.c -o src/parsing_map/parcing_utiles1.o
cc -Wall -Wextra -Werror  -c src/raycasting/raycasting.c -o src/raycasting/raycasting.o
cc -Wall -Wextra -Werror  -c src/raycasting/raycasting_utils.c -o src/raycasting/raycasting_utils.o
cc -Wall -Wextra -Werror  -c src/cube3d.c -o src/cube3d.o
cc -Wall -Wextra -Werror  -c src/errors/error.c -o src/errors/error.o
 
cc -Wall -Wextra -Werror  -c src/draw_line.c -o src/draw_line.o
cc -Wall -Wextra -Werror  -c src/hooks/player_move.c -o src/hooks/player_move.o
cc -Wall -Wextra -Werror  -c src/hooks/hooks.c -o src/hooks/hooks.o
cc -Wall -Wextra -Werror  -c src/hooks/player_move_utiles.c -o src/hooks/player_move_utiles.o
cc -Wall -Wextra -Werror  -c src/errors/free_functions.c -o src/errors/free_functions.o
cc -Wall -Wextra -Werror  -c src/parsing_map/map_parcing.c -o src/parsing_map/map_parcing.o
cc -Wall -Wextra -Werror  -c src/raycasting/rays_distance.c -o src/raycasting/rays_distance.o
 
cc -Wall -Wextra -Werror  -c src/raycasting/intersection_steps.c -o src/raycasting/intersection_steps.o
cc -Wall -Wextra -Werror  -c src/raycasting/raycasting_utils_2.c -o src/raycasting/raycasting_utils_2.o
cc -Wall -Wextra -Werror  -c src/raycasting/render_floor_ceil.c -o src/raycasting/render_floor_ceil.o
cc -Wall -Wextra -Werror  ./src/cube3d_utiles/free.o ./src/cube3d_utiles/ft_isprint.o ./src/cube3d_utiles/ft_lstlast.o ./src/cube3d_utiles/ft_lstsize.o ./src/cube3d_utiles/ft_putstr.o ./src/cube3d_utiles/ft_strchr.o ./src/cube3d_utiles/ft_strlen.o ./src/cube3d_utiles/ft_strnstr.o ./src/cube3d_utiles/get_next_line.o ./src/cube3d_utiles/ft_atoi.o ./src/cube3d_utiles/ft_lstadd_back.o ./src/cube3d_utiles/ft_lstnew.o ./src/cube3d_utiles/ft_memset.o ./src/cube3d_utiles/ft_split.o ./src/cube3d_utiles/ft_strlcpy.o ./src/cube3d_utiles/ft_strncmp.o ./src/cube3d_utiles/ft_strtrim.o ./src/cube3d_utiles/get_next_line_utils.o ./src/mini_map/parse_minimap.o ./src/mini_map/print_map.o ./src/parsing_map/parcing_utiles.o ./src/parsing_map/parcing_utiles1.o ./src/raycasting/raycasting.o ./src/raycasting/raycasting_utils.o ./src/cube3d.o ./src/errors/error.o ./src/draw_line.o ./src/hooks/player_move.o ./src/hooks/hooks.o ./src/hooks/player_move_utiles.o ./src/errors/free_functions.o ./src/parsing_map/map_parcing.o ./src/raycasting/rays_distance.o ./src/raycasting/intersection_steps.o ./src/raycasting/raycasting_utils_2.o ./src/raycasting/render_floor_ceil.o -lmlx -framework OpenGL -framework AppKit -lm -o cube3d
make: Leaving directory `/Users/mmoumni/Desktop/42_Cube3d'
 
